<?xml version="1.0" encoding="UTF-8"?>
<testsuite xmlns:xsi="http://www.w3.org/2001/XMLSchema-instance" xsi:noNamespaceSchemaLocation="https://maven.apache.org/surefire/maven-failsafe-plugin/xsd/failsafe-test-report-3.0.xsd" version="3.0" name="co.sqasa.runners.DatepickerTestRunner" time="15.708" tests="3" errors="0" skipped="0" failures="0">
  <properties>
[...]
</properties>
  <testcase name="Navegar al mes siguiente y seleccionar el día 10" classname="Selección de fechas en el Datepicker de jQuery UI" time="5.389">
    <system-out><![CDATA[13:58:42.125 [main] INFO  i.g.bonigarcia.wdm.WebDriverManager - Using chromedriver 140.0.7339.207 (resolved driver for Chrome 140)
13:58:42.187 [main] INFO  i.g.bonigarcia.wdm.online.Downloader - Downloading https://edgedl.me.gvt1.com/edgedl/chrome/chrome-for-testing/140.0.7339.207/win64/chromedriver-win64.zip
13:58:44.426 [main] INFO  i.g.bonigarcia.wdm.online.Downloader - Extracting driver from compressed file chromedriver-win64.zip
13:58:44.589 [main] INFO  i.g.bonigarcia.wdm.WebDriverManager - Exporting webdriver.chrome.driver as C:\xampp\htdocs\Prueba_tecnicaSqa\target\wdm-cache\chromedriver\win64\140.0.7339.207\chromedriver.exe
13:58:44.643 [main] INFO   - &amp#27;[96m

-------------------------------------------------------------------------------------
     _______. _______ .______       _______ .__   __.  __  .___________.____    ____ 
    /       ||   ____||   _  \     |   ____||  \ |  | |  | |           |\   \  /   / 
   |   (----`|  |__   |  |_)  |    |  |__   |   \|  | |  | `---|  |----` \   \/   /  
    \   \    |   __|  |      /     |   __|  |  . `  | |  |     |  |       \_    _/   
.----)   |   |  |____ |  |\  \----.|  |____ |  |\   | |  |     |  |         |  |     
|_______/    |_______|| _| `._____||_______||__| \__| |__|     |__|         |__|    
                                                                                     
 News and tutorials at https://serenity-bdd.info                                     
 Documentation at https://serenity-bdd.github.io                                     
 Test Automation Training and Coaching: https://www.serenity-dojo.com                
 Commercial Support: https://www.serenity-dojo.com/serenity-bdd-enterprise-support   
 Join the Serenity Community on Gitter: https://gitter.im/serenity-bdd/serenity-core 
-------------------------------------------------------------------------------------
&amp#27;[0m
13:58:44.649 [main] INFO   - Test Suite Started: Selección de fechas en el Datepicker de jQuery UI
13:58:44.744 [main] INFO   - Test Suite Started: Selección de fechas en el Datepicker de jQuery UI

@datepicker @esc1 @seleccion_mes_siguiente
Escenario: Navegar al mes siguiente y seleccionar el día 10                &amp#27;[90m# src/test/resources/features/datepicker/seleccion_fecha.feature:12&amp#27;[0m
13:58:45.000 [main] INFO   - 
  _____   ___   ___   _____     ___   _____     _     ___   _____   ___   ___  
 |_   _| | __| / __| |_   _|   / __| |_   _|   /_\   | _ \ |_   _| | __| |   \ 
   | |   | _|  \__ \   | |     \__ \   | |    / _ \  |   /   | |   | _|  | |) |
   |_|   |___| |___/   |_|     |___/   |_|   /_/ \_\ |_|_\   |_|   |___| |___/ 

Navegar al mes siguiente y seleccionar el día 10(selección-de-fechas-en-el-datepicker-de-jquery-ui;navegar-al-mes-siguiente-y-seleccionar-el-día-10)
--------------------------------------------------------------------------------
13:58:45.168 [main] INFO   - &amp#27;[92m|-- Dado que el usuario abre la página del datepicker de jQuery UI&amp#27;[0m
13:58:45.484 [main] INFO   - &amp#27;[92m|---- Usuario abrir la pagina&amp#27;[0m
13:58:45.504 [main] INFO   - &amp#27;[92m|------ Usuario opens the browser at https://jqueryui.com/datepicker/&amp#27;[0m
13:58:45.588 [main] INFO  n.s.c.w.d.ChromeDriverProvider - Starting Chrome driver instance with capabilities:
13:58:45.590 [main] INFO  n.s.c.w.d.ChromeDriverProvider - Capabilities {acceptInsecureCerts: false, browserName: chrome, goog:chromeOptions: {args: [--no-sandbox,--ignore-certi...], extensions: []}}
13:58:48.552 [main] INFO   - &amp#27;[92m|---- Usuario cambiar al iframe&amp#27;[0m
✅ IFRAME ENCONTRADO: Cambiando al iframe del demo con clase 'demo-frame'
✅ CAMBIO EXITOSO: Ahora estamos dentro del iframe del datepicker
  &amp#27;[32mDado &amp#27;[0m&amp#27;[32mque el usuario abre la página del datepicker de jQuery UI&amp#27;[0m           &amp#27;[90m# co.sqasa.stepdefinitions.DatepickerStepDefinitions.queElUsuarioAbreLaPaginaDelDatepicker()&amp#27;[0m
13:58:48.639 [main] INFO   - &amp#27;[92m|-- Cuando navega al mes siguiente en el calendario&amp#27;[0m
13:58:48.651 [main] INFO   - &amp#27;[92m|---- Usuario ir al mes siguiente&amp#27;[0m
13:58:48.715 [main] INFO   - &amp#27;[92m|------ Usuario clicks on campo de entrada del datepicker&amp#27;[0m
13:58:49.062 [main] INFO   - &amp#27;[92m|------ Usuario clicks on botón del mes siguiente&amp#27;[0m
  &amp#27;[32mCuando &amp#27;[0m&amp#27;[32mnavega al mes siguiente en el calendario&amp#27;[0m                          &amp#27;[90m# co.sqasa.stepdefinitions.DatepickerStepDefinitions.navegaAlMesSiguienteEnElCalendario()&amp#27;[0m
13:58:49.225 [main] INFO   - &amp#27;[92m|-- Y selecciona el día 10 del mes siguiente&amp#27;[0m
13:58:49.238 [main] INFO   - &amp#27;[92m|---- Usuario seleccionar dia&amp#27;[0m
13:58:49.243 [main] INFO   - &amp#27;[92m|------ Usuario clicks on campo de entrada del datepicker&amp#27;[0m
13:58:49.544 [main] INFO   - &amp#27;[92m|------ Usuario clicks on día 10 en el calendario&amp#27;[0m
  &amp#27;[32mY &amp#27;[0m&amp#27;[32mselecciona el día &amp#27;[0m&amp#27;[32m&amp#27;[1m10&amp#27;[0m&amp#27;[32m del mes siguiente&amp#27;[0m                                 &amp#27;[90m# co.sqasa.stepdefinitions.DatepickerStepDefinitions.seleccionaElDiaDelMesSiguiente(int)&amp#27;[0m
13:58:49.740 [main] INFO   - &amp#27;[92m|-- Entonces la fecha mostrada debe corresponder al día 10 del mes siguiente&amp#27;[0m
13:58:49.857 [main] INFO   - &amp#27;[92m|---- Then La fecha corresponde al d&iacute;a 10 del mes siguiente should be '11/10/2025'&amp#27;[0m
  &amp#27;[32mEntonces &amp#27;[0m&amp#27;[32mla fecha mostrada debe corresponder al día &amp#27;[0m&amp#27;[32m&amp#27;[1m10&amp#27;[0m&amp#27;[32m del mes siguiente&amp#27;[0m &amp#27;[90m# co.sqasa.stepdefinitions.DatepickerStepDefinitions.laFechaMostradaDebeCorresponderAlDiaDelMesSiguiente(int)&amp#27;[0m
13:58:49.920 [main] INFO   - &amp#27;[92m
  _____   ___   ___   _____     ___     _     ___   ___   ___   ___  
 |_   _| | __| / __| |_   _|   | _ \   /_\   / __| / __| | __| |   \ 
   | |   | _|  \__ \   | |     |  _/  / _ \  \__ \ \__ \ | _|  | |) |
   |_|   |___| |___/   |_|     |_|   /_/ \_\ |___/ |___/ |___| |___/ 

Navegar al mes siguiente y seleccionar el día 10
----------------------------------------------------------------------&amp#27;[0m
]]></system-out>
    <system-err><![CDATA[oct 01, 2025 1:58:47 P. M. org.openqa.selenium.devtools.CdpVersionFinder findNearestMatch
WARNING: Unable to find CDP implementation matching 140
oct 01, 2025 1:58:47 P. M. org.openqa.selenium.chromium.ChromiumDriver lambda$new$5
WARNING: Unable to find version of CDP to use for 140.0.7339.208. You may need to include a dependency on a specific version of the CDP using something similar to `org.seleniumhq.selenium:selenium-devtools-v86:4.15.0` where the version ("v86") matches the version of the chromium-based browser you're using and the version number of the artifact is the same as Selenium's.
]]></system-err>
  </testcase>
  <testcase name="Seleccionar el día 15 del mes actual y validar la fecha" classname="Selección de fechas en el Datepicker de jQuery UI" time="2.591">
    <system-out><![CDATA[
@datepicker @esc2 @seleccion_dia_actual
Escenario: Seleccionar el día 15 del mes actual y validar la fecha      &amp#27;[90m# src/test/resources/features/datepicker/seleccion_fecha.feature:18&amp#27;[0m
13:58:50.143 [main] INFO   - 
  _____   ___   ___   _____     ___   _____     _     ___   _____   ___   ___  
 |_   _| | __| / __| |_   _|   / __| |_   _|   /_\   | _ \ |_   _| | __| |   \ 
   | |   | _|  \__ \   | |     \__ \   | |    / _ \  |   /   | |   | _|  | |) |
   |_|   |___| |___/   |_|     |___/   |_|   /_/ \_\ |_|_\   |_|   |___| |___/ 

Seleccionar el día 15 del mes actual y validar la fecha(selección-de-fechas-en-el-datepicker-de-jquery-ui;seleccionar-el-día-15-del-mes-actual-y-validar-la-fecha)
--------------------------------------------------------------------------------
13:58:50.157 [main] INFO   - &amp#27;[92m|-- Dado que el usuario abre la página del datepicker de jQuery UI&amp#27;[0m
13:58:50.162 [main] INFO   - &amp#27;[92m|---- Usuario abrir la pagina&amp#27;[0m
13:58:50.165 [main] INFO   - &amp#27;[92m|------ Usuario opens the browser at https://jqueryui.com/datepicker/&amp#27;[0m
13:58:50.199 [main] INFO  n.s.c.w.d.ChromeDriverProvider - Starting Chrome driver instance with capabilities:
13:58:50.199 [main] INFO  n.s.c.w.d.ChromeDriverProvider - Capabilities {acceptInsecureCerts: false, browserName: chrome, goog:chromeOptions: {args: [--no-sandbox,--ignore-certi...], extensions: []}}
13:58:51.977 [main] INFO   - &amp#27;[92m|---- Usuario cambiar al iframe&amp#27;[0m
✅ IFRAME ENCONTRADO: Cambiando al iframe del demo con clase 'demo-frame'
✅ CAMBIO EXITOSO: Ahora estamos dentro del iframe del datepicker
  &amp#27;[32mDado &amp#27;[0m&amp#27;[32mque el usuario abre la página del datepicker de jQuery UI&amp#27;[0m        &amp#27;[90m# co.sqasa.stepdefinitions.DatepickerStepDefinitions.queElUsuarioAbreLaPaginaDelDatepicker()&amp#27;[0m
13:58:52.034 [main] INFO   - &amp#27;[92m|-- Cuando selecciona el día 15 del mes actual desde el calendario&amp#27;[0m
13:58:52.036 [main] INFO   - &amp#27;[92m|---- Usuario seleccionar dia&amp#27;[0m
13:58:52.042 [main] INFO   - &amp#27;[92m|------ Usuario clicks on campo de entrada del datepicker&amp#27;[0m
13:58:52.338 [main] INFO   - &amp#27;[92m|------ Usuario clicks on día 15 en el calendario&amp#27;[0m
  &amp#27;[32mCuando &amp#27;[0m&amp#27;[32mselecciona el día &amp#27;[0m&amp#27;[32m&amp#27;[1m15&amp#27;[0m&amp#27;[32m del mes actual desde el calendario&amp#27;[0m        &amp#27;[90m# co.sqasa.stepdefinitions.DatepickerStepDefinitions.seleccionaElDiaDelMesActual(int)&amp#27;[0m
13:58:52.518 [main] INFO   - &amp#27;[92m|-- Entonces la fecha mostrada debe corresponder al día 15 del mes actual&amp#27;[0m
13:58:52.520 [main] INFO   - &amp#27;[92m|---- Then La fecha corresponde al d&iacute;a 15 del mes actual should be '10/15/2025'&amp#27;[0m
  &amp#27;[32mEntonces &amp#27;[0m&amp#27;[32mla fecha mostrada debe corresponder al día &amp#27;[0m&amp#27;[32m&amp#27;[1m15&amp#27;[0m&amp#27;[32m del mes actual&amp#27;[0m &amp#27;[90m# co.sqasa.stepdefinitions.DatepickerStepDefinitions.laFechaMostradaDebeCorresponderAlDiaDelMesActual(int)&amp#27;[0m
13:58:52.567 [main] INFO   - &amp#27;[92m
  _____   ___   ___   _____     ___     _     ___   ___   ___   ___  
 |_   _| | __| / __| |_   _|   | _ \   /_\   / __| / __| | __| |   \ 
   | |   | _|  \__ \   | |     |  _/  / _ \  \__ \ \__ \ | _|  | |) |
   |_|   |___| |___/   |_|     |_|   /_/ \_\ |___/ |___/ |___| |___/ 

Seleccionar el día 15 del mes actual y validar la fecha
----------------------------------------------------------------------&amp#27;[0m
]]></system-out>
    <system-err><![CDATA[oct 01, 2025 1:58:50 P. M. org.openqa.selenium.devtools.CdpVersionFinder findNearestMatch
WARNING: Unable to find CDP implementation matching 140
oct 01, 2025 1:58:50 P. M. org.openqa.selenium.chromium.ChromiumDriver lambda$new$5
WARNING: Unable to find version of CDP to use for 140.0.7339.208. You may need to include a dependency on a specific version of the CDP using something similar to `org.seleniumhq.selenium:selenium-devtools-v86:4.15.0` where the version ("v86") matches the version of the chromium-based browser you're using and the version number of the artifact is the same as Selenium's.
]]></system-err>
  </testcase>
  <testcase name="Validar que el campo no permite edición manual" classname="Selección de fechas en el Datepicker de jQuery UI" time="2.502">
    <system-out><![CDATA[
@datepicker @esc3 @validacion_readonly
Escenario: Validar que el campo no permite edición manual               &amp#27;[90m# src/test/resources/features/datepicker/seleccion_fecha.feature:23&amp#27;[0m
13:58:52.743 [main] INFO   - 
  _____   ___   ___   _____     ___   _____     _     ___   _____   ___   ___  
 |_   _| | __| / __| |_   _|   / __| |_   _|   /_\   | _ \ |_   _| | __| |   \ 
   | |   | _|  \__ \   | |     \__ \   | |    / _ \  |   /   | |   | _|  | |) |
   |_|   |___| |___/   |_|     |___/   |_|   /_/ \_\ |_|_\   |_|   |___| |___/ 

Validar que el campo no permite edición manual(selección-de-fechas-en-el-datepicker-de-jquery-ui;validar-que-el-campo-no-permite-edición-manual)
--------------------------------------------------------------------------------
13:58:52.769 [main] INFO   - &amp#27;[92m|-- Dado que el usuario abre la página del datepicker de jQuery UI&amp#27;[0m
13:58:52.775 [main] INFO   - &amp#27;[92m|---- Usuario abrir la pagina&amp#27;[0m
13:58:52.779 [main] INFO   - &amp#27;[92m|------ Usuario opens the browser at https://jqueryui.com/datepicker/&amp#27;[0m
13:58:52.837 [main] INFO  n.s.c.w.d.ChromeDriverProvider - Starting Chrome driver instance with capabilities:
13:58:52.837 [main] INFO  n.s.c.w.d.ChromeDriverProvider - Capabilities {acceptInsecureCerts: false, browserName: chrome, goog:chromeOptions: {args: [--no-sandbox,--ignore-certi...], extensions: []}}
13:58:54.567 [main] INFO   - &amp#27;[92m|---- Usuario cambiar al iframe&amp#27;[0m
✅ IFRAME ENCONTRADO: Cambiando al iframe del demo con clase 'demo-frame'
✅ CAMBIO EXITOSO: Ahora estamos dentro del iframe del datepicker
  &amp#27;[32mDado &amp#27;[0m&amp#27;[32mque el usuario abre la página del datepicker de jQuery UI&amp#27;[0m        &amp#27;[90m# co.sqasa.stepdefinitions.DatepickerStepDefinitions.queElUsuarioAbreLaPaginaDelDatepicker()&amp#27;[0m
13:58:54.617 [main] INFO   - &amp#27;[92m|-- Cuando intenta escribir manualmente "01/01/2000" en el campo de fecha&amp#27;[0m
13:58:54.626 [main] INFO   - &amp#27;[92m|---- Usuario escribir en input&amp#27;[0m
13:58:54.647 [main] INFO   - &amp#27;[92m|------ Usuario clears field campo de entrada del datepicker&amp#27;[0m
13:58:54.708 [main] INFO   - &amp#27;[92m|------ Usuario enters '01/01/2000' into campo de entrada del datepicker&amp#27;[0m
  &amp#27;[32mCuando &amp#27;[0m&amp#27;[32mintenta escribir manualmente &amp#27;[0m&amp#27;[32m&amp#27;[1m"01/01/2000"&amp#27;[0m&amp#27;[32m en el campo de fecha&amp#27;[0m &amp#27;[90m# co.sqasa.stepdefinitions.DatepickerStepDefinitions.intentaEscribirManualmente(java.lang.String)&amp#27;[0m
13:58:54.866 [main] INFO   - &amp#27;[92m|-- Entonces el campo debe mantener su comportamiento de solo lectura&amp#27;[0m
13:58:54.925 [main] INFO   - &amp#27;[92m|---- Then El campo tiene atributo readonly should be not null&amp#27;[0m
  &amp#27;[32mEntonces &amp#27;[0m&amp#27;[32mel campo debe mantener su comportamiento de solo lectura&amp#27;[0m     &amp#27;[90m# co.sqasa.stepdefinitions.DatepickerStepDefinitions.elCampoDebeMantenerSuComportamientoDeSoloLectura()&amp#27;[0m
13:58:54.972 [main] INFO   - &amp#27;[92m|-- Y no debe permitir la edición directa del texto&amp#27;[0m
ADVERTENCIA: El campo permitió escritura directa.
En un entorno de producción, esto debería ser validado con el equipo de desarrollo.
13:58:55.018 [main] INFO   - &amp#27;[92m|---- Then El campo mantiene un formato de fecha v&aacute;lido should be a string matching the pattern '\d{2}/\d{2}/\d{4}'&amp#27;[0m
  &amp#27;[32mY &amp#27;[0m&amp#27;[32mno debe permitir la edición directa del texto&amp#27;[0m                       &amp#27;[90m# co.sqasa.stepdefinitions.DatepickerStepDefinitions.noDebePermitirLaEdicionDirectaDelTexto()&amp#27;[0m
13:58:55.071 [main] INFO   - &amp#27;[92m
  _____   ___   ___   _____     ___     _     ___   ___   ___   ___  
 |_   _| | __| / __| |_   _|   | _ \   /_\   / __| / __| | __| |   \ 
   | |   | _|  \__ \   | |     |  _/  / _ \  \__ \ \__ \ | _|  | |) |
   |_|   |___| |___/   |_|     |_|   /_/ \_\ |___/ |___/ |___| |___/ 

Validar que el campo no permite edición manual
----------------------------------------------------------------------&amp#27;[0m
]]></system-out>
    <system-err><![CDATA[oct 01, 2025 1:58:53 P. M. org.openqa.selenium.devtools.CdpVersionFinder findNearestMatch
WARNING: Unable to find CDP implementation matching 140
oct 01, 2025 1:58:53 P. M. org.openqa.selenium.chromium.ChromiumDriver lambda$new$5
WARNING: Unable to find version of CDP to use for 140.0.7339.208. You may need to include a dependency on a specific version of the CDP using something similar to `org.seleniumhq.selenium:selenium-devtools-v86:4.15.0` where the version ("v86") matches the version of the chromium-based browser you're using and the version number of the artifact is the same as Selenium's.
]]></system-err>
  </testcase>
</testsuite>